<?xml version="1.0" encoding="UTF-8"?>
<!-- Generated by org.testng.reporters.JUnitReportReporter -->
<testsuite hostname="WKWIN1035567" name="com.qa.testcases.VerifyAddToCartFromPLPTest" tests="4" failures="0" timestamp="11 Apr 2018 10:33:58 GMT" time="114.841" errors="0">
  <testcase name="addFirstItemfromPLP2" time="17.066" classname="com.qa.testcases.VerifyAddToCartFromPLPTest"/>
  <testcase name="addFirstItemfromPLP3" time="30.880" classname="com.qa.testcases.VerifyAddToCartFromPLPTest"/>
  <testcase name="addFirstItemfromPLP4" time="37.880" classname="com.qa.testcases.VerifyAddToCartFromPLPTest"/>
  <testcase name="addFirstItemfromPLP" time="29.015" classname="com.qa.testcases.VerifyAddToCartFromPLPTest"/>
</testsuite> <!-- com.qa.testcases.VerifyAddToCartFromPLPTest -->
