<?xml version="1.0" encoding="UTF-8"?>
<!-- Generated by org.testng.reporters.JUnitReportReporter -->
<testsuite hostname="WKWIN1035567" name="com.qa.testcases.VerifyTheItemsinPLP" tests="4" failures="0" timestamp="13 Apr 2018 08:11:10 GMT" time="90.455" errors="0">
  <testcase name="VerifyPrimeItemsinFirstPLP2" time="20.354" classname="com.qa.testcases.VerifyTheItemsinPLP"/>
  <testcase name="VerifyPrimeItemsinFirstPLP3" time="20.184" classname="com.qa.testcases.VerifyTheItemsinPLP"/>
  <testcase name="VerifyPrimeItemsinFirstPLP" time="26.491" classname="com.qa.testcases.VerifyTheItemsinPLP"/>
  <testcase name="VerifyPrimeItemsinFirstPLP4" time="23.426" classname="com.qa.testcases.VerifyTheItemsinPLP"/>
</testsuite> <!-- com.qa.testcases.VerifyTheItemsinPLP -->
